<?xml version="1.0" encoding="UTF-8"?>
<!-- Generated by org.testng.reporters.JUnitXMLReporter -->
<testsuite hostname="HDC2-D-CBWMXJ2" ignored="0" name="Default test" tests="3" failures="0" timestamp="14 Aug 2019 07:39:00 GMT" time="1.124" errors="0">
  <testcase name="failTest" time="0.013" classname="testngdemo.ExtentReportsTest"/>
  <testcase name="passTest" time="0.017" classname="testngdemo.ExtentReportsTest"/>
  <testcase name="skipTest" time="0.002" classname="testngdemo.ExtentReportsTest">
    <skipped/>
  </testcase> <!-- skipTest -->
</testsuite> <!-- Default test -->
