<?xml version="1.0" encoding="UTF-8"?>
<testng-results skipped="1" failed="0" ignored="0" total="3" passed="2">
  <reporter-output>
  </reporter-output>
  <suite name="Default suite" duration-ms="1124" started-at="2019-08-14T07:38:59Z" finished-at="2019-08-14T07:39:00Z">
    <groups>
    </groups>
    <test name="Default test" duration-ms="1124" started-at="2019-08-14T07:38:59Z" finished-at="2019-08-14T07:39:00Z">
      <class name="testngdemo.ExtentReportsTest">
        <test-method status="PASS" signature="startReport()[pri:0, instance:testngdemo.ExtentReportsTest@1bce4f0a]" name="startReport" is-config="true" duration-ms="268" started-at="2019-08-14T07:38:59Z" finished-at="2019-08-14T07:38:59Z">
          <reporter-output>
          </reporter-output>
        </test-method> <!-- startReport -->
        <test-method status="PASS" signature="failTest()[pri:0, instance:testngdemo.ExtentReportsTest@1bce4f0a]" name="failTest" duration-ms="13" started-at="2019-08-14T07:38:59Z" finished-at="2019-08-14T07:38:59Z">
          <reporter-output>
          </reporter-output>
        </test-method> <!-- failTest -->
        <test-method status="PASS" signature="getResult(org.testng.ITestResult)[pri:0, instance:testngdemo.ExtentReportsTest@1bce4f0a]" name="getResult" is-config="true" duration-ms="2" started-at="2019-08-14T07:38:59Z" finished-at="2019-08-14T07:38:59Z">
          <params>
            <param index="0">
              <value>
                <![CDATA[[TestResult name=failTest status=SUCCESS method=ExtentReportsTest.failTest()[pri:0, instance:testngdemo.ExtentReportsTest@1bce4f0a] output={null}]]]>
              </value>
            </param>
          </params>
          <reporter-output>
          </reporter-output>
        </test-method> <!-- getResult -->
        <test-method status="PASS" signature="passTest()[pri:0, instance:testngdemo.ExtentReportsTest@1bce4f0a]" name="passTest" duration-ms="17" started-at="2019-08-14T07:38:59Z" finished-at="2019-08-14T07:38:59Z">
          <reporter-output>
          </reporter-output>
        </test-method> <!-- passTest -->
        <test-method status="PASS" signature="getResult(org.testng.ITestResult)[pri:0, instance:testngdemo.ExtentReportsTest@1bce4f0a]" name="getResult" is-config="true" duration-ms="0" started-at="2019-08-14T07:38:59Z" finished-at="2019-08-14T07:38:59Z">
          <params>
            <param index="0">
              <value>
                <![CDATA[[TestResult name=passTest status=SUCCESS method=ExtentReportsTest.passTest()[pri:0, instance:testngdemo.ExtentReportsTest@1bce4f0a] output={null}]]]>
              </value>
            </param>
          </params>
          <reporter-output>
          </reporter-output>
        </test-method> <!-- getResult -->
        <test-method status="SKIP" signature="skipTest()[pri:0, instance:testngdemo.ExtentReportsTest@1bce4f0a]" name="skipTest" duration-ms="2" started-at="2019-08-14T07:38:59Z" finished-at="2019-08-14T07:38:59Z">
          <exception class="org.testng.SkipException">
            <message>
              <![CDATA[Skipping-this is not ready]]>
            </message>
            <full-stacktrace>
              <![CDATA[org.testng.SkipException: Skipping-this is not ready
at testngdemo.ExtentReportsTest.skipTest(ExtentReportsTest.java:71)
at sun.reflect.NativeMethodAccessorImpl.invoke0(Native Method)
at sun.reflect.NativeMethodAccessorImpl.invoke(NativeMethodAccessorImpl.java:62)
at sun.reflect.DelegatingMethodAccessorImpl.invoke(DelegatingMethodAccessorImpl.java:43)
at java.lang.reflect.Method.invoke(Method.java:498)
at org.testng.internal.MethodInvocationHelper.invokeMethod(MethodInvocationHelper.java:124)
at org.testng.internal.Invoker.invokeMethod(Invoker.java:583)
at org.testng.internal.Invoker.invokeTestMethod(Invoker.java:719)
at org.testng.internal.Invoker.invokeTestMethods(Invoker.java:989)
at org.testng.internal.TestMethodWorker.invokeTestMethods(TestMethodWorker.java:125)
at org.testng.internal.TestMethodWorker.run(TestMethodWorker.java:109)
at org.testng.TestRunner.privateRun(TestRunner.java:648)
at org.testng.TestRunner.run(TestRunner.java:505)
at org.testng.SuiteRunner.runTest(SuiteRunner.java:455)
at org.testng.SuiteRunner.runSequentially(SuiteRunner.java:450)
at org.testng.SuiteRunner.privateRun(SuiteRunner.java:415)
at org.testng.SuiteRunner.run(SuiteRunner.java:364)
at org.testng.SuiteRunnerWorker.runSuite(SuiteRunnerWorker.java:52)
at org.testng.SuiteRunnerWorker.run(SuiteRunnerWorker.java:84)
at org.testng.TestNG.runSuitesSequentially(TestNG.java:1208)
at org.testng.TestNG.runSuitesLocally(TestNG.java:1137)
at org.testng.TestNG.runSuites(TestNG.java:1049)
at org.testng.TestNG.run(TestNG.java:1017)
at org.testng.remote.AbstractRemoteTestNG.run(AbstractRemoteTestNG.java:115)
at org.testng.remote.RemoteTestNG.initAndRun(RemoteTestNG.java:251)
at org.testng.remote.RemoteTestNG.main(RemoteTestNG.java:77)
]]>
            </full-stacktrace>
          </exception> <!-- org.testng.SkipException -->
          <reporter-output>
          </reporter-output>
        </test-method> <!-- skipTest -->
        <test-method status="PASS" signature="getResult(org.testng.ITestResult)[pri:0, instance:testngdemo.ExtentReportsTest@1bce4f0a]" name="getResult" is-config="true" duration-ms="1" started-at="2019-08-14T07:38:59Z" finished-at="2019-08-14T07:38:59Z">
          <params>
            <param index="0">
              <value>
                <![CDATA[[TestResult name=skipTest status=SKIP method=ExtentReportsTest.skipTest()[pri:0, instance:testngdemo.ExtentReportsTest@1bce4f0a] output={null}]]]>
              </value>
            </param>
          </params>
          <reporter-output>
          </reporter-output>
        </test-method> <!-- getResult -->
        <test-method status="PASS" signature="endReport()[pri:0, instance:testngdemo.ExtentReportsTest@1bce4f0a]" name="endReport" is-config="true" duration-ms="792" started-at="2019-08-14T07:38:59Z" finished-at="2019-08-14T07:39:00Z">
          <reporter-output>
          </reporter-output>
        </test-method> <!-- endReport -->
      </class> <!-- testngdemo.ExtentReportsTest -->
    </test> <!-- Default test -->
  </suite> <!-- Default suite -->
</testng-results>
