<?xml version="1.0" encoding="UTF-8"?>
<!-- Generated by org.testng.reporters.JUnitXMLReporter -->
<testsuite hostname="HDC2-D-CBWMXJ2" ignored="0" name="Functional" tests="4" failures="0" timestamp="09 Aug 2019 10:45:21 GMT" time="0.094" errors="0">
  <testcase name="etransfer" time="0.008" classname="testngdemo.DemoTestcase"/>
  <testcase name="openApp" time="0.003" classname="testngdemo.DemoTestNg"/>
  <testcase name="login" time="0.003" classname="testngdemo.DemoTestNg"/>
  <testcase name="logout" time="0.009" classname="testngdemo.DemoTestNg"/>
</testsuite> <!-- Functional -->
