<?xml version="1.0" encoding="UTF-8"?>
<!-- Generated by org.testng.reporters.JUnitXMLReporter -->
<testsuite hostname="HDC2-D-CBWMXJ2" ignored="0" name="Functional1" tests="4" failures="0" timestamp="09 Aug 2019 10:45:21 GMT" time="0.091" errors="0">
  <testcase name="etransfer" time="0.007" classname="testngdemo.DemoTestcase"/>
  <testcase name="openApp" time="0.001" classname="testngdemo.DemoTestNg"/>
  <testcase name="login" time="0.004" classname="testngdemo.DemoTestNg"/>
  <testcase name="logout" time="0.002" classname="testngdemo.DemoTestNg"/>
</testsuite> <!-- Functional1 -->
